<?xml version="1.0" encoding="UTF-8"?>
<!-- Generated by org.testng.reporters.JUnitXMLReporter -->
<testsuite ignored="1" hostname="IN01B01ZZ3851D" failures="0" tests="1" name="Default test" time="15.063" errors="0" timestamp="2025-05-30T12:35:27 IST">
  <testcase classname="com.CK.Playwright.Scripts.One" name="sauce_Login" time="10.523"/>
  <testcase classname="com.CK.Playwright.Scripts.One" name="registration_TS02" time="0.0">
    <ignored/>
  </testcase> <!-- registration_TS02 -->
</testsuite> <!-- Default test -->
