<?xml version="1.0" encoding="UTF-8"?>
<testng-results ignored="0" total="1" passed="1" failed="0" skipped="0">
  <reporter-output>
  </reporter-output>
  <suite started-at="2025-06-06T14:15:26 IST" name="Suite" finished-at="2025-06-06T14:15:46 IST" duration-ms="19979">
    <groups>
    </groups>
    <test started-at="2025-06-06T14:15:26 IST" name="Test" finished-at="2025-06-06T14:15:46 IST" duration-ms="19979">
      <class name="com.CK.Playwright.Scripts.One">
        <test-method is-config="true" signature="initialize()[pri:0, instance:com.CK.Playwright.Scripts.One@14dd7b39]" started-at="2025-06-06T14:15:26 IST" name="initialize" finished-at="2025-06-06T14:15:26 IST" duration-ms="221" status="PASS">
          <reporter-output>
          </reporter-output>
        </test-method> <!-- initialize -->
        <test-method is-config="true" signature="beforeClass(org.testng.ITestContext)[pri:0, instance:com.CK.Playwright.Scripts.One@14dd7b39]" started-at="2025-06-06T14:15:26 IST" name="beforeClass" finished-at="2025-06-06T14:15:29 IST" duration-ms="3412" status="PASS">
          <params>
            <param index="0">
              <value>
                <![CDATA[org.testng.TestRunner@2bc378f7]]>
              </value>
            </param>
          </params>
          <reporter-output>
          </reporter-output>
        </test-method> <!-- beforeClass -->
        <test-method is-config="true" signature="beforeMethod(java.lang.reflect.Method)[pri:0, instance:com.CK.Playwright.Scripts.One@14dd7b39]" started-at="2025-06-06T14:15:29 IST" name="beforeMethod" finished-at="2025-06-06T14:15:30 IST" duration-ms="539" status="PASS">
          <params>
            <param index="0">
              <value>
                <![CDATA[public void com.CK.Playwright.Scripts.One.sauce_Login()]]>
              </value>
            </param>
          </params>
          <reporter-output>
          </reporter-output>
        </test-method> <!-- beforeMethod -->
        <test-method signature="sauce_Login()[pri:0, instance:com.CK.Playwright.Scripts.One@14dd7b39]" started-at="2025-06-06T14:15:30 IST" name="sauce_Login" finished-at="2025-06-06T14:15:46 IST" duration-ms="16001" status="PASS">
          <reporter-output>
          </reporter-output>
        </test-method> <!-- sauce_Login -->
        <test-method is-config="true" signature="afterMethod(org.testng.ITestResult)[pri:0, instance:com.CK.Playwright.Scripts.One@14dd7b39]" started-at="2025-06-06T14:15:46 IST" name="afterMethod" finished-at="2025-06-06T14:15:46 IST" duration-ms="1" status="PASS">
          <params>
            <param index="0">
              <value>
                <![CDATA[[TestResult name=sauce_Login status=SUCCESS method=One.sauce_Login()[pri:0, instance:com.CK.Playwright.Scripts.One@14dd7b39] output={null}]]]>
              </value>
            </param>
          </params>
          <reporter-output>
          </reporter-output>
        </test-method> <!-- afterMethod -->
        <test-method is-config="true" signature="closeActiveBrowser()[pri:0, instance:com.CK.Playwright.Scripts.One@14dd7b39]" started-at="2025-06-06T14:15:46 IST" name="closeActiveBrowser" finished-at="2025-06-06T14:15:46 IST" duration-ms="1" status="PASS">
          <reporter-output>
          </reporter-output>
        </test-method> <!-- closeActiveBrowser -->
        <test-method is-config="true" signature="teardown()[pri:0, instance:com.CK.Playwright.Scripts.One@14dd7b39]" started-at="2025-06-06T14:15:46 IST" name="teardown" finished-at="2025-06-06T14:15:46 IST" duration-ms="309" status="PASS">
          <reporter-output>
          </reporter-output>
        </test-method> <!-- teardown -->
      </class> <!-- com.CK.Playwright.Scripts.One -->
    </test> <!-- Test -->
  </suite> <!-- Suite -->
</testng-results>
