<?xml version="1.0" encoding="UTF-8"?>
<testsuite xmlns:xsi="http://www.w3.org/2001/XMLSchema-instance" xsi:noNamespaceSchemaLocation="https://maven.apache.org/surefire/maven-surefire-plugin/xsd/surefire-test-report-3.0.xsd" version="3.0" name="TestSuite" time="21.104" tests="1" errors="0" skipped="0" failures="0">
  <properties>
[...]
</properties>
  <testcase name="sauce_Login" classname="com.CK.Playwright.Scripts.One" time="15.997">
    <system-out><![CDATA[14:15:25,743 |-INFO in ch.qos.logback.classic.LoggerContext[default] - This is logback-classic version 1.5.11
14:15:25,744 |-INFO in ch.qos.logback.classic.util.ContextInitializer@4218d6a3 - No custom configurators were discovered as a service.
14:15:25,744 |-INFO in ch.qos.logback.classic.util.ContextInitializer@4218d6a3 - Trying to configure with ch.qos.logback.classic.joran.SerializedModelConfigurator
14:15:25,745 |-INFO in ch.qos.logback.classic.util.ContextInitializer@4218d6a3 - Constructed configurator of type class ch.qos.logback.classic.joran.SerializedModelConfigurator
14:15:25,749 |-INFO in ch.qos.logback.classic.LoggerContext[default] - Could NOT find resource [logback-test.scmo]
14:15:25,750 |-INFO in ch.qos.logback.classic.LoggerContext[default] - Could NOT find resource [logback.scmo]
14:15:25,757 |-INFO in ch.qos.logback.classic.util.ContextInitializer@4218d6a3 - ch.qos.logback.classic.joran.SerializedModelConfigurator.configure() call lasted 5 milliseconds. ExecutionStatus=INVOKE_NEXT_IF_ANY
14:15:25,757 |-INFO in ch.qos.logback.classic.util.ContextInitializer@4218d6a3 - Trying to configure with ch.qos.logback.classic.util.DefaultJoranConfigurator
14:15:25,757 |-INFO in ch.qos.logback.classic.util.ContextInitializer@4218d6a3 - Constructed configurator of type class ch.qos.logback.classic.util.DefaultJoranConfigurator
14:15:25,758 |-INFO in ch.qos.logback.classic.LoggerContext[default] - Could NOT find resource [logback-test.xml]
14:15:25,762 |-INFO in ch.qos.logback.classic.LoggerContext[default] - Found resource [logback.xml] at [file:/E:/eclipse-workspace/Playwright/target/classes/logback.xml]
14:15:25,888 |-INFO in ch.qos.logback.core.model.processor.AppenderModelHandler - Processing appender named [STDOUT]
14:15:25,888 |-INFO in ch.qos.logback.core.model.processor.AppenderModelHandler - About to instantiate appender of type [ch.qos.logback.core.ConsoleAppender]
14:15:25,894 |-INFO in ch.qos.logback.core.model.processor.ImplicitModelHandler - Assuming default type [ch.qos.logback.classic.encoder.PatternLayoutEncoder] for [encoder] property
14:15:25,926 |-INFO in ch.qos.logback.core.model.processor.AppenderModelHandler - Processing appender named [FILE]
14:15:25,926 |-INFO in ch.qos.logback.core.model.processor.AppenderModelHandler - About to instantiate appender of type [ch.qos.logback.core.FileAppender]
14:15:25,932 |-INFO in ch.qos.logback.core.model.processor.ImplicitModelHandler - Assuming default type [ch.qos.logback.classic.encoder.PatternLayoutEncoder] for [encoder] property
14:15:25,933 |-WARN in ch.qos.logback.core.model.processor.ImplicitModelHandler - Ignoring unknown property [rollingPolicy] in [ch.qos.logback.core.FileAppender]
14:15:25,933 |-INFO in ch.qos.logback.core.FileAppender[FILE] - File property is set to [logs/app.log]
14:15:25,934 |-INFO in ch.qos.logback.classic.model.processor.RootLoggerModelHandler - Setting level of ROOT logger to DEBUG
14:15:25,935 |-INFO in ch.qos.logback.core.model.processor.AppenderRefModelHandler - Attaching appender named [STDOUT] to Logger[ROOT]
14:15:25,935 |-INFO in ch.qos.logback.core.model.processor.AppenderRefModelHandler - Attaching appender named [FILE] to Logger[ROOT]
14:15:25,935 |-INFO in ch.qos.logback.core.model.processor.DefaultProcessor@76505305 - End of configuration.
14:15:25,936 |-INFO in ch.qos.logback.classic.joran.JoranConfigurator@14cd1699 - Registering current configuration as safe fallback point
14:15:25,936 |-INFO in ch.qos.logback.classic.util.ContextInitializer@4218d6a3 - ch.qos.logback.classic.util.DefaultJoranConfigurator.configure() call lasted 179 milliseconds. ExecutionStatus=DO_NOT_INVOKE_NEXT_IF_ANY

2025-06-06 14:15:25 DEBUG org.testng.TestNG - suiteXmlPath: "E:\eclipse-workspace\Playwright\testng.xml"
Execution in BrowserStack : false
 BoolBrowserExtensionRequired : false
2025-06-06 14:15:29 INFO  sauce_Login -  

 <<<<<<<<<<<<<<<<<<<<<<   starting Test  :  sauce_Login  >>>>>>>>>>>>>>>>>>>>>>>
Please fix the white spaces after the physical rows in the sheet : CSMS at the rows : 4
Please fix the white spaces after the physical rows in the sheet : CSMS at the rows : 5
Please fix the white spaces after the physical rows in the sheet : CSMS at the rows : 6
Please fix the white spaces after the physical rows in the sheet : CSMS at the rows : 7
Please fix the white spaces after the physical rows in the sheet : CSMS at the rows : 8
Please fix the white spaces after the physical rows in the sheet : CSMS at the rows : 9
Please fix the white spaces after the physical rows in the sheet : CSMS at the rows : 10
Please fix the white spaces after the physical rows in the sheet : CSMS at the rows : 11
Please fix the white spaces after the physical rows in the sheet : CSMS at the rows : 12
Please fix the white spaces after the physical rows in the sheet : CSMS at the rows : 13
Please fix the white spaces after the physical rows in the sheet : CSMS at the rows : 14
Please fix the white spaces after the physical rows in the sheet : CSMS at the rows : 15
Please fix the white spaces after the physical rows in the sheet : CSMS at the rows : 16
Please fix the white spaces after the physical rows in the sheet : CSMS at the rows : 17
Please fix the white spaces after the physical rows in the sheet : CSMS at the rows : 18
Please fix the white spaces after the physical rows in the sheet : CSMS at the rows : 19
Please fix the white spaces after the physical rows in the sheet : CSMS at the rows : 20
Please fix the white spaces after the physical rows in the sheet : CSMS at the rows : 21
Please fix the white spaces after the physical rows in the sheet : CSMS at the rows : 22
Please fix the white spaces after the physical rows in the sheet : CSMS at the rows : 23
Please fix the white spaces after the physical rows in the sheet : CSMS at the rows : 24
Please fix the white spaces after the physical rows in the sheet : CSMS at the rows : 25
Please fix the white spaces after the physical rows in the sheet : CSMS at the rows : 26
Please fix the white spaces after the physical rows in the sheet : CSMS at the rows : 27
Please fix the white spaces after the physical rows in the sheet : CSMS at the rows : 28
Please fix the white spaces after the physical rows in the sheet : CSMS at the rows : 29
Please fix the white spaces after the physical rows in the sheet : CSMS at the rows : 30
Please fix the white spaces after the physical rows in the sheet : CSMS at the rows : 31
Please fix the white spaces after the physical rows in the sheet : CSMS at the rows : 32
Please fix the white spaces after the physical rows in the sheet : CSMS at the rows : 33
Please fix the white spaces after the physical rows in the sheet : CSMS at the rows : 34
Please fix the white spaces after the physical rows in the sheet : CSMS at the rows : 35
Please fix the white spaces after the physical rows in the sheet : CSMS at the rows : 36
Please fix the white spaces after the physical rows in the sheet : CSMS at the rows : 37
2025-06-06 14:15:30 INFO  sauce_Login - System is retrieving test data...
Test data Keys and Values for script : sauce_Login : 
 [UnitFee=UnitFee, RoleName=RoleName, Username=Username, EnglishTitle=EnglishTitle, TypeId=TypeId, ChargerLevelId=ChargerLevelId, OutputPowerKw=OutputPowerKw, Email=Email, Password=Password, User=User, TestScriptName=TestScriptName, TitleArabic=TitleArabic, BaseFee=BaseFee, NameinEng=NameinEng, ParkingFee=ParkingFee, ArabicTitle=ArabicTitle]
2025-06-06 14:15:35 INFO  sauce_Login - Waiting for 1 seconds
screenshotPath : E:\eclipse-workspace\Playwright\Reports\Images\screenshot.png
2025-06-06 14:15:36 INFO  sauce_Login - Waiting for 1 seconds
login context: 
screenshotPath : E:\eclipse-workspace\Playwright\Reports\Images\screenshot.png
title check : Swag Labs
ProductsLabel text content : Products
2025-06-06 14:15:40 INFO  sauce_Login - Waiting for 3 seconds
2025-06-06 14:15:41 INFO  sauce_Login - Waiting for 1 seconds
2025-06-06 14:15:42 INFO  sauce_Login - Waiting for 1 seconds
2025-06-06 14:15:43 INFO  sauce_Login - Waiting for 1 seconds
2025-06-06 14:15:44 INFO  sauce_Login - Waiting for 1 seconds
2025-06-06 14:15:45 INFO  sauce_Login - Waiting for 1 seconds
2025-06-06 14:15:46 INFO  sauce_Login - Waiting for 1 seconds
Num of Add to Cart buttons : 5
]]></system-out>
  </testcase>
</testsuite>