<?xml version="1.0" encoding="UTF-8"?>
<testng-results ignored="1" total="2" passed="1" failed="0" skipped="0">
  <reporter-output>
  </reporter-output>
  <suite started-at="2025-05-30T12:35:12 IST" name="Default suite" finished-at="2025-05-30T12:35:27 IST" duration-ms="15063">
    <groups>
    </groups>
    <test started-at="2025-05-30T12:35:12 IST" name="Default test" finished-at="2025-05-30T12:35:27 IST" duration-ms="15063">
      <class name="com.CK.Playwright.Scripts.One">
        <test-method is-config="true" signature="initialize()[pri:0, instance:com.CK.Playwright.Scripts.One@f80945f]" started-at="2025-05-30T12:35:12 IST" name="initialize" finished-at="2025-05-30T12:35:12 IST" duration-ms="255" status="PASS">
          <reporter-output>
          </reporter-output>
        </test-method> <!-- initialize -->
        <test-method is-config="true" signature="beforeClass(org.testng.ITestContext)[pri:0, instance:com.CK.Playwright.Scripts.One@f80945f]" started-at="2025-05-30T12:35:12 IST" name="beforeClass" finished-at="2025-05-30T12:35:16 IST" duration-ms="3481" status="PASS">
          <params>
            <param index="0">
              <value>
                <![CDATA[org.testng.TestRunner@5befbac1]]>
              </value>
            </param>
          </params>
          <reporter-output>
          </reporter-output>
        </test-method> <!-- beforeClass -->
        <test-method is-config="true" signature="beforeMethod(java.lang.reflect.Method)[pri:0, instance:com.CK.Playwright.Scripts.One@f80945f]" started-at="2025-05-30T12:35:16 IST" name="beforeMethod" finished-at="2025-05-30T12:35:17 IST" duration-ms="1010" status="PASS">
          <params>
            <param index="0">
              <value>
                <![CDATA[public void com.CK.Playwright.Scripts.One.sauce_Login()]]>
              </value>
            </param>
          </params>
          <reporter-output>
          </reporter-output>
        </test-method> <!-- beforeMethod -->
        <test-method signature="sauce_Login()[pri:0, instance:com.CK.Playwright.Scripts.One@f80945f]" started-at="2025-05-30T12:35:17 IST" name="sauce_Login" finished-at="2025-05-30T12:35:27 IST" duration-ms="10523" status="PASS">
          <reporter-output>
          </reporter-output>
        </test-method> <!-- sauce_Login -->
        <test-method is-config="true" signature="afterMethod(org.testng.ITestResult)[pri:0, instance:com.CK.Playwright.Scripts.One@f80945f]" started-at="2025-05-30T12:35:27 IST" name="afterMethod" finished-at="2025-05-30T12:35:27 IST" duration-ms="1" status="PASS">
          <params>
            <param index="0">
              <value>
                <![CDATA[[TestResult name=sauce_Login status=SUCCESS method=One.sauce_Login()[pri:0, instance:com.CK.Playwright.Scripts.One@f80945f] output={null}]]]>
              </value>
            </param>
          </params>
          <reporter-output>
          </reporter-output>
        </test-method> <!-- afterMethod -->
        <test-method is-config="true" signature="closeActiveBrowser()[pri:0, instance:com.CK.Playwright.Scripts.One@f80945f]" started-at="2025-05-30T12:35:27 IST" name="closeActiveBrowser" finished-at="2025-05-30T12:35:27 IST" duration-ms="1" status="PASS">
          <reporter-output>
          </reporter-output>
        </test-method> <!-- closeActiveBrowser -->
        <test-method is-config="true" signature="teardown()[pri:0, instance:com.CK.Playwright.Scripts.One@f80945f]" started-at="2025-05-30T12:35:27 IST" name="teardown" finished-at="2025-05-30T12:35:28 IST" duration-ms="623" status="PASS">
          <reporter-output>
          </reporter-output>
        </test-method> <!-- teardown -->
      </class> <!-- com.CK.Playwright.Scripts.One -->
    </test> <!-- Default test -->
  </suite> <!-- Default suite -->
</testng-results>
